<?xml version="1.0" encoding="UTF-8"?>
<!-- Generated by org.testng.reporters.JUnitReportReporter -->
<testsuite hostname="LAPTOP-1BAVQ1O5" failures="0" tests="3" name="Test.BasicTest3" time="0.042" errors="0" timestamp="2024-04-11T00:47:44 IST" skipped="0">
  <testcase classname="Test.BasicTest3" name="Method9" time="0.005"/>
  <system-out/>
  <testcase classname="Test.BasicTest3" name="Method8" time="0.028"/>
  <system-out/>
  <testcase classname="Test.BasicTest3" name="Method7" time="0.009"/>
  <system-out/>
</testsuite> <!-- Test.BasicTest3 -->
