<?xml version="1.0" encoding="UTF-8"?>
<!-- Generated by org.testng.reporters.JUnitReportReporter -->
<testsuite hostname="LAPTOP-1BAVQ1O5" failures="0" tests="3" name="Test.BasicTest3" time="0.004" errors="0" timestamp="2024-04-11T02:33:10 IST" skipped="0">
  <testcase classname="Test.BasicTest3" name="Method7" time="0.002"/>
  <system-out/>
  <testcase classname="Test.BasicTest3" name="Method8" time="0.000"/>
  <system-out/>
  <testcase classname="Test.BasicTest3" name="Method9" time="0.002"/>
  <system-out/>
</testsuite> <!-- Test.BasicTest3 -->
